c:\users\kiruban\source\repos\dreamwork_quiz_project\quizdemogui1\quizdemogui1\x64\debug\vc143.pdb
c:\users\kiruban\source\repos\dreamwork_quiz_project\quizdemogui1\quizdemogui1\x64\debug\.netframework,version=v4.7.2.assemblyattributes.obj
c:\users\kiruban\source\repos\dreamwork_quiz_project\quizdemogui1\quizdemogui1\x64\debug\quiz.obj
c:\users\kiruban\source\repos\dreamwork_quiz_project\quizdemogui1\quizdemogui1\x64\debug\questionbank.obj
c:\users\kiruban\source\repos\dreamwork_quiz_project\quizdemogui1\quizdemogui1\x64\debug\myform4.obj
c:\users\kiruban\source\repos\dreamwork_quiz_project\quizdemogui1\quizdemogui1\x64\debug\myform3.obj
c:\users\kiruban\source\repos\dreamwork_quiz_project\quizdemogui1\quizdemogui1\x64\debug\myform2.obj
c:\users\kiruban\source\repos\dreamwork_quiz_project\quizdemogui1\quizdemogui1\x64\debug\myform1.obj
c:\users\kiruban\source\repos\dreamwork_quiz_project\quizdemogui1\quizdemogui1\x64\debug\myform.obj
c:\users\kiruban\source\repos\dreamwork_quiz_project\quizdemogui1\x64\debug\quizdemogui1.exe
c:\users\kiruban\source\repos\dreamwork_quiz_project\quizdemogui1\quizdemogui1\x64\debug\quizdemogui1.vcxproj.assemblyreference.cache
c:\users\kiruban\source\repos\dreamwork_quiz_project\quizdemogui1\quizdemogui1\x64\debug\quizdemogui1.vcxproj.generateresource.cache
c:\users\kiruban\source\repos\dreamwork_quiz_project\quizdemogui1\quizdemogui1\x64\debug\quizdemogui1.vcxproj.suggestedbindingredirects.cache
c:\users\kiruban\source\repos\dreamwork_quiz_project\quizdemogui1\quizdemogui1\x64\debug\quizdemogui1.myform.resources
c:\users\kiruban\source\repos\dreamwork_quiz_project\quizdemogui1\quizdemogui1\x64\debug\quizdemogui1.myform1.resources
c:\users\kiruban\source\repos\dreamwork_quiz_project\quizdemogui1\quizdemogui1\x64\debug\quizdemogui1.myform2.resources
c:\users\kiruban\source\repos\dreamwork_quiz_project\quizdemogui1\quizdemogui1\x64\debug\quizdemogui1.myform3.resources
c:\users\kiruban\source\repos\dreamwork_quiz_project\quizdemogui1\quizdemogui1\x64\debug\quizdemogui1.myform4.resources
c:\users\kiruban\source\repos\dreamwork_quiz_project\quizdemogui1\x64\debug\quizdemogui1.pdb
c:\users\kiruban\source\repos\dreamwork_quiz_project\quizdemogui1\quizdemogui1\x64\debug\quizdemogui1.tlog\cl.command.1.tlog
c:\users\kiruban\source\repos\dreamwork_quiz_project\quizdemogui1\quizdemogui1\x64\debug\quizdemogui1.tlog\cl.read.1.tlog
c:\users\kiruban\source\repos\dreamwork_quiz_project\quizdemogui1\quizdemogui1\x64\debug\quizdemogui1.tlog\cl.write.1.tlog
c:\users\kiruban\source\repos\dreamwork_quiz_project\quizdemogui1\quizdemogui1\x64\debug\quizdemogui1.tlog\link.13760-cvtres.read.1.tlog
c:\users\kiruban\source\repos\dreamwork_quiz_project\quizdemogui1\quizdemogui1\x64\debug\quizdemogui1.tlog\link.13760-cvtres.write.1.tlog
c:\users\kiruban\source\repos\dreamwork_quiz_project\quizdemogui1\quizdemogui1\x64\debug\quizdemogui1.tlog\link.13760-rc.read.1.tlog
c:\users\kiruban\source\repos\dreamwork_quiz_project\quizdemogui1\quizdemogui1\x64\debug\quizdemogui1.tlog\link.13760-rc.write.1.tlog
c:\users\kiruban\source\repos\dreamwork_quiz_project\quizdemogui1\quizdemogui1\x64\debug\quizdemogui1.tlog\link.13760.read.1.tlog
c:\users\kiruban\source\repos\dreamwork_quiz_project\quizdemogui1\quizdemogui1\x64\debug\quizdemogui1.tlog\link.13760.read.2.tlog
c:\users\kiruban\source\repos\dreamwork_quiz_project\quizdemogui1\quizdemogui1\x64\debug\quizdemogui1.tlog\link.13760.write.1.tlog
c:\users\kiruban\source\repos\dreamwork_quiz_project\quizdemogui1\quizdemogui1\x64\debug\quizdemogui1.tlog\link.2876-cvtres.read.1.tlog
c:\users\kiruban\source\repos\dreamwork_quiz_project\quizdemogui1\quizdemogui1\x64\debug\quizdemogui1.tlog\link.2876-cvtres.write.1.tlog
c:\users\kiruban\source\repos\dreamwork_quiz_project\quizdemogui1\quizdemogui1\x64\debug\quizdemogui1.tlog\link.2876-rc.read.1.tlog
c:\users\kiruban\source\repos\dreamwork_quiz_project\quizdemogui1\quizdemogui1\x64\debug\quizdemogui1.tlog\link.2876-rc.write.1.tlog
c:\users\kiruban\source\repos\dreamwork_quiz_project\quizdemogui1\quizdemogui1\x64\debug\quizdemogui1.tlog\link.2876.read.1.tlog
c:\users\kiruban\source\repos\dreamwork_quiz_project\quizdemogui1\quizdemogui1\x64\debug\quizdemogui1.tlog\link.2876.read.2.tlog
c:\users\kiruban\source\repos\dreamwork_quiz_project\quizdemogui1\quizdemogui1\x64\debug\quizdemogui1.tlog\link.2876.write.1.tlog
c:\users\kiruban\source\repos\dreamwork_quiz_project\quizdemogui1\quizdemogui1\x64\debug\quizdemogui1.tlog\link.command.1.tlog
c:\users\kiruban\source\repos\dreamwork_quiz_project\quizdemogui1\quizdemogui1\x64\debug\quizdemogui1.tlog\link.read.1.tlog
c:\users\kiruban\source\repos\dreamwork_quiz_project\quizdemogui1\quizdemogui1\x64\debug\quizdemogui1.tlog\link.read.2.tlog
c:\users\kiruban\source\repos\dreamwork_quiz_project\quizdemogui1\quizdemogui1\x64\debug\quizdemogui1.tlog\link.write.1.tlog
c:\users\kiruban\source\repos\dreamwork_quiz_project\quizdemogui1\quizdemogui1\x64\debug\quizdemogui1.tlog\metagen.read.1.tlog
c:\users\kiruban\source\repos\dreamwork_quiz_project\quizdemogui1\quizdemogui1\x64\debug\quizdemogui1.tlog\metagen.write.1.tlog
c:\users\kiruban\source\repos\dreamwork_quiz_project\quizdemogui1\quizdemogui1\x64\debug\quizdemogui1.tlog\resgen.command.1.tlog
c:\users\kiruban\source\repos\dreamwork_quiz_project\quizdemogui1\quizdemogui1\x64\debug\quizdemogui1.tlog\resgen.read.1.tlog
c:\users\kiruban\source\repos\dreamwork_quiz_project\quizdemogui1\quizdemogui1\x64\debug\quizdemogui1.tlog\resgen.write.1.tlog
